Flutter crash report; please file at https://github.com/flutter/flutter/issues.

## command

flutter run

## exception

ProcessException: ProcessException: Process exited abnormally:
An error was encountered processing the command (domain=com.apple.CoreSimulator.SimError, code=165):
Unable to lookup in current state: Shutdown
  Command: /usr/bin/xcrun simctl install 9EACD9AD-B5C5-47AD-AB23-FD50B149348A /Users/kirklandtomato/Development/projects/from_scratch/build/ios/iphonesimulator/Runner.app

```
#0      RunResult.throwException (package:flutter_tools/src/base/process.dart:141:5)
#1      _DefaultProcessUtils.run (package:flutter_tools/src/base/process.dart:275:19)
<asynchronous suspension>
#2      SimControl.install (package:flutter_tools/src/ios/simulators.dart:148:29)
#3      IOSSimulator._setupUpdatedApplicationBundle (package:flutter_tools/src/ios/simulators.dart:454:31)
<asynchronous suspension>
#4      IOSSimulator.startApp (package:flutter_tools/src/ios/simulators.dart:354:15)
#5      FlutterDevice.runHot (package:flutter_tools/src/resident_runner.dart:450:54)
#6      _asyncThenWrapperHelper.<anonymous closure> (dart:async-patch/async_patch.dart:73:64)
#7      _rootRunUnary (dart:async/zone.dart:1134:38)
#8      _CustomZone.runUnary (dart:async/zone.dart:1031:19)
#9      _FutureListener.handleValue (dart:async/future_impl.dart:139:18)
#10     Future._propagateToListeners.handleValueCallback (dart:async/future_impl.dart:680:45)
#11     Future._propagateToListeners (dart:async/future_impl.dart:709:32)
#12     Future._completeWithValue (dart:async/future_impl.dart:524:5)
#13     _AsyncAwaitCompleter.complete (dart:async-patch/async_patch.dart:32:15)
#14     _completeOnAsyncReturn (dart:async-patch/async_patch.dart:290:13)
#15     ApplicationPackageFactory.getPackageForPlatform (package:flutter_tools/src/application_package.dart)
#16     _asyncThenWrapperHelper.<anonymous closure> (dart:async-patch/async_patch.dart:73:64)
#17     _rootRunUnary (dart:async/zone.dart:1134:38)
#18     _CustomZone.runUnary (dart:async/zone.dart:1031:19)
#19     _FutureListener.handleValue (dart:async/future_impl.dart:139:18)
#20     Future._propagateToListeners.handleValueCallback (dart:async/future_impl.dart:680:45)
#21     Future._propagateToListeners (dart:async/future_impl.dart:709:32)
#22     Future._completeWithValue (dart:async/future_impl.dart:524:5)
#23     _AsyncAwaitCompleter.complete (dart:async-patch/async_patch.dart:32:15)
#24     _completeOnAsyncReturn (dart:async-patch/async_patch.dart:290:13)
#25     BuildableIOSApp.fromProject (package:flutter_tools/src/application_package.dart)
#26     _asyncThenWrapperHelper.<anonymous closure> (dart:async-patch/async_patch.dart:73:64)
#27     _rootRunUnary (dart:async/zone.dart:1134:38)
#28     _CustomZone.runUnary (dart:async/zone.dart:1031:19)
#29     _FutureListener.handleValue (dart:async/future_impl.dart:139:18)
#30     Future._propagateToListeners.handleValueCallback (dart:async/future_impl.dart:680:45)
#31     Future._propagateToListeners (dart:async/future_impl.dart:709:32)
#32     Future._completeWithValue (dart:async/future_impl.dart:524:5)
#33     Future._asyncComplete.<anonymous closure> (dart:async/future_impl.dart:554:7)
#34     _rootRun (dart:async/zone.dart:1126:13)
#35     _CustomZone.run (dart:async/zone.dart:1023:19)
#36     _CustomZone.runGuarded (dart:async/zone.dart:925:7)
#37     _CustomZone.bindCallbackGuarded.<anonymous closure> (dart:async/zone.dart:965:23)
#38     _microtaskLoop (dart:async/schedule_microtask.dart:43:21)
#39     _startMicrotaskLoop (dart:async/schedule_microtask.dart:52:5)
#40     _runPendingImmediateCallback (dart:isolate-patch/isolate_patch.dart:118:13)
#41     _RawReceivePortImpl._handleMessage (dart:isolate-patch/isolate_patch.dart:175:5)
```

## flutter doctor

```
[32m[✓][39m Flutter (Channel unknown, v1.12.13+hotfix.9, on Mac OS X 10.15.4 19E287, locale en-US)
    [32m•[39m Flutter version 1.12.13+hotfix.9 at /Users/kirklandtomato/Development/flutter
    [32m•[39m Framework revision f139b11009 (4 weeks ago), 2020-03-30 13:57:30 -0700
    [32m•[39m Engine revision af51afceb8
    [32m•[39m Dart version 2.7.2

[31m[✗][39m Android toolchain - develop for Android devices
    [31m✗[39m Unable to locate Android SDK.
      Install Android Studio from: https://developer.android.com/studio/index.html
      On first launch it will assist you in installing the Android SDK components.
      (or visit https://flutter.dev/setup/#android-setup for detailed instructions).
      If the Android SDK has been installed to a custom location, set ANDROID_HOME to that location.
      You may also want to add it to your PATH environment variable.


[32m[✓][39m Xcode - develop for iOS and macOS (Xcode 11.4.1)
    [32m•[39m Xcode at /Applications/Xcode.app/Contents/Developer
    [32m•[39m Xcode 11.4.1, Build version 11E503a
    [32m•[39m CocoaPods version 1.9.1

[33m[!][39m Android Studio (version 3.6)
    [32m•[39m Android Studio at /Applications/Android Studio.app/Contents
    [31m✗[39m Flutter plugin not installed; this adds Flutter specific functionality.
    [31m✗[39m Dart plugin not installed; this adds Dart specific functionality.
    [32m•[39m Java version OpenJDK Runtime Environment (build 1.8.0_212-release-1586-b4-5784211)

[32m[✓][39m VS Code (version 1.44.2)
    [32m•[39m VS Code at /Applications/Visual Studio Code.app/Contents
    [32m•[39m Flutter extension version 3.9.1

[32m[✓][39m Connected device (1 available)
    [32m•[39m iPhone SE (2nd generation) • 9EACD9AD-B5C5-47AD-AB23-FD50B149348A • ios •
      com.apple.CoreSimulator.SimRuntime.iOS-13-4 (simulator)

[33m![39m Doctor found issues in 2 categories.
```
